#
# There is insufficient memory for the Java Runtime Environment to continue.
# Native memory allocation (mmap) failed to map 65536 bytes for Failed to commit metaspace.
# Possible reasons:
#   The system is out of physical RAM or swap space
#   The process is running with CompressedOops enabled, and the Java Heap may be blocking the growth of the native heap
# Possible solutions:
#   Reduce memory load on the system
#   Increase physical memory or swap space
#   Check if swap backing store is full
#   Decrease Java heap size (-Xmx/-Xms)
#   Decrease number of Java threads
#   Decrease Java thread stack sizes (-Xss)
#   Set larger code cache with -XX:ReservedCodeCacheSize=
#   JVM is running with Unscaled Compressed Oops mode in which the Java heap is
#     placed in the first 4GB address space. The Java Heap base address is the
#     maximum limit for the native heap growth. Please use -XX:HeapBaseMinAddress
#     to set the Java Heap base and to place the Java Heap above 4GB virtual address.
# This output file may be truncated or incomplete.
#
#  Out of Memory Error (virtualSpaceNode.cpp:110), pid=6976, tid=7788
#
# JRE version: OpenJDK Runtime Environment Temurin-17.0.6+10 (17.0.6+10) (build 17.0.6+10)
# Java VM: OpenJDK 64-Bit Server VM Temurin-17.0.6+10 (17.0.6+10, mixed mode, emulated-client, tiered, compressed oops, compressed class ptrs, g1 gc, windows-amd64)
# No core dump will be written. Minidumps are not enabled by default on client versions of Windows
#

---------------  S U M M A R Y ------------

Command Line: -Dcom.sun.management.jmxremote -Dcom.sun.management.jmxremote.port=52840 -Dcom.sun.management.jmxremote.authenticate=false -Dcom.sun.management.jmxremote.ssl=false -Djava.rmi.server.hostname=localhost -Dspring.jmx.enabled=true -Dmanagement.endpoints.jmx.exposure.include=* -Dspring.application.admin.enabled=true -XX:TieredStopAtLevel=1 -Dspring.boot.project.name=course -Dfile.encoding=UTF-8 -XX:+ShowCodeDetailsInExceptionMessages com.educandoweb.course.CourseApplication --spring.output.ansi.enabled=always

Host: Intel(R) Core(TM) i5-3210M CPU @ 2.50GHz, 4 cores, 7G,  Windows 10 , 64 bit Build 19041 (10.0.19041.2788)
Time: Tue Apr 11 10:58:45 2023 Hora oficial do Brasil elapsed time: 2.971813 seconds (0d 0h 0m 2s)

---------------  T H R E A D  ---------------

Current thread (0x00000240ef259e30):  JavaThread "main" [_thread_in_vm, id=7788, stack(0x000000d812e00000,0x000000d812f00000)]

Stack: [0x000000d812e00000,0x000000d812f00000]
Native frames: (J=compiled Java code, j=interpreted, Vv=VM code, C=native code)
V  [jvm.dll+0x67741a]
V  [jvm.dll+0x834434]
V  [jvm.dll+0x835bde]
V  [jvm.dll+0x836243]
V  [jvm.dll+0x2457b5]
V  [jvm.dll+0x8304cb]
V  [jvm.dll+0x61bca6]
V  [jvm.dll+0x1c05fe]
V  [jvm.dll+0x61e5f1]
V  [jvm.dll+0x61c646]
V  [jvm.dll+0x24320c]
V  [jvm.dll+0x6cd84d]
V  [jvm.dll+0x6ce27f]
V  [jvm.dll+0x36fd73]
V  [jvm.dll+0x36ef52]
V  [jvm.dll+0x36eef8]
V  [jvm.dll+0x37ed0a]
C  0x00000240f29298a5

Java frames: (J=compiled Java code, j=interpreted, Vv=VM code)
j  org.springframework.context.support.GenericApplicationContext.<init>()V+21
j  org.springframework.web.context.support.GenericWebApplicationContext.<init>()V+1
j  org.springframework.boot.web.servlet.context.ServletWebServerApplicationContext.<init>()V+1
j  org.springframework.boot.web.servlet.context.AnnotationConfigServletWebServerApplicationContext.<init>()V+1
j  org.springframework.boot.web.servlet.context.ServletWebServerApplicationContextFactory.createContext()Lorg/springframework/context/ConfigurableApplicationContext;+10
j  org.springframework.boot.web.servlet.context.ServletWebServerApplicationContextFactory.create(Lorg/springframework/boot/WebApplicationType;)Lorg/springframework/context/ConfigurableApplicationContext;+12
j  org.springframework.boot.DefaultApplicationContextFactory$$Lambda$290+0x000000010025e530.apply(Ljava/lang/Object;Ljava/lang/Object;)Ljava/lang/Object;+8
j  org.springframework.boot.DefaultApplicationContextFactory.getFromSpringFactories(Lorg/springframework/boot/WebApplicationType;Ljava/util/function/BiFunction;Ljava/util/function/Supplier;)Ljava/lang/Object;+45
j  org.springframework.boot.DefaultApplicationContextFactory.create(Lorg/springframework/boot/WebApplicationType;)Lorg/springframework/context/ConfigurableApplicationContext;+13
j  org.springframework.boot.SpringApplication.createApplicationContext()Lorg/springframework/context/ConfigurableApplicationContext;+8
j  org.springframework.boot.SpringApplication.run([Ljava/lang/String;)Lorg/springframework/context/ConfigurableApplicationContext;+66
j  org.springframework.boot.SpringApplication.run([Ljava/lang/Class;[Ljava/lang/String;)Lorg/springframework/context/ConfigurableApplicationContext;+9
j  org.springframework.boot.SpringApplication.run(Ljava/lang/Class;[Ljava/lang/String;)Lorg/springframework/context/ConfigurableApplicationContext;+9
j  com.educandoweb.course.CourseApplication.main([Ljava/lang/String;)V+3
v  ~StubRoutines::call_stub

---------------  P R O C E S S  ---------------

Threads class SMR info:
_java_thread_list=0x00000240fe5fc6c0, length=21, elements={
0x00000240ef259e30, 0x00000240fc2244d0, 0x00000240fc225a70, 0x00000240fc248030,
0x00000240fc26c940, 0x00000240fc26e9b0, 0x00000240fc26fa10, 0x00000240fc2752b0,
0x00000240fcc1af60, 0x00000240fccfb010, 0x00000240fcd40f00, 0x00000240fcd9d060,
0x00000240fcdf5e60, 0x00000240fd322f90, 0x00000240fd306160, 0x00000240fd4b1ff0,
0x00000240fd6c3aa0, 0x00000240fd709010, 0x00000240fd732dc0, 0x00000240fd75e6c0,
0x00000240fe665d80
}

Java Threads: ( => current thread )
=>0x00000240ef259e30 JavaThread "main" [_thread_in_vm, id=7788, stack(0x000000d812e00000,0x000000d812f00000)]
  0x00000240fc2244d0 JavaThread "Reference Handler" daemon [_thread_blocked, id=4260, stack(0x000000d813500000,0x000000d813600000)]
  0x00000240fc225a70 JavaThread "Finalizer" daemon [_thread_blocked, id=6348, stack(0x000000d813600000,0x000000d813700000)]
  0x00000240fc248030 JavaThread "Signal Dispatcher" daemon [_thread_blocked, id=8312, stack(0x000000d813700000,0x000000d813800000)]
  0x00000240fc26c940 JavaThread "Attach Listener" daemon [_thread_blocked, id=5040, stack(0x000000d813800000,0x000000d813900000)]
  0x00000240fc26e9b0 JavaThread "Service Thread" daemon [_thread_blocked, id=1304, stack(0x000000d813900000,0x000000d813a00000)]
  0x00000240fc26fa10 JavaThread "Monitor Deflation Thread" daemon [_thread_blocked, id=9648, stack(0x000000d813a00000,0x000000d813b00000)]
  0x00000240fc2752b0 JavaThread "C1 CompilerThread0" daemon [_thread_blocked, id=6268, stack(0x000000d813b00000,0x000000d813c00000)]
  0x00000240fcc1af60 JavaThread "Sweeper thread" daemon [_thread_blocked, id=3200, stack(0x000000d813c00000,0x000000d813d00000)]
  0x00000240fccfb010 JavaThread "Common-Cleaner" daemon [_thread_blocked, id=4696, stack(0x000000d813d00000,0x000000d813e00000)]
  0x00000240fcd40f00 JavaThread "C1 CompilerThread1" daemon [_thread_blocked, id=8268, stack(0x000000d813e00000,0x000000d813f00000)]
  0x00000240fcd9d060 JavaThread "C1 CompilerThread2" daemon [_thread_blocked, id=9840, stack(0x000000d813f00000,0x000000d814000000)]
  0x00000240fcdf5e60 JavaThread "Notification Thread" daemon [_thread_blocked, id=8964, stack(0x000000d814000000,0x000000d814100000)]
  0x00000240fd322f90 JavaThread "RMI TCP Accept-0" daemon [_thread_in_native, id=8420, stack(0x000000d814100000,0x000000d814200000)]
  0x00000240fd306160 JavaThread "RMI TCP Accept-52840" daemon [_thread_in_native, id=1968, stack(0x000000d814200000,0x000000d814300000)]
  0x00000240fd4b1ff0 JavaThread "RMI TCP Accept-0" daemon [_thread_in_native, id=9612, stack(0x000000d814300000,0x000000d814400000)]
  0x00000240fd6c3aa0 JavaThread "RMI TCP Connection(1)-127.0.0.1" daemon [_thread_in_native, id=3392, stack(0x000000d814a00000,0x000000d814b00000)]
  0x00000240fd709010 JavaThread "RMI Scheduler(0)" daemon [_thread_blocked, id=8024, stack(0x000000d814b00000,0x000000d814c00000)]
  0x00000240fd732dc0 JavaThread "RMI TCP Connection(2)-127.0.0.1" daemon [_thread_in_native, id=1692, stack(0x000000d814c00000,0x000000d814d00000)]
  0x00000240fd75e6c0 JavaThread "JMX server connection timeout 21" daemon [_thread_blocked, id=7876, stack(0x000000d814d00000,0x000000d814e00000)]
  0x00000240fe665d80 JavaThread "background-preinit" [_thread_in_vm, id=6712, stack(0x000000d814e00000,0x000000d814f00000)]

Other Threads:
  0x00000240fc220690 VMThread "VM Thread" [stack: 0x000000d813400000,0x000000d813500000] [id=2256]
  0x00000240ef25aca0 WatcherThread [stack: 0x000000d814400000,0x000000d814500000] [id=6356]
  0x00000240ef2b2b70 GCTaskThread "GC Thread#0" [stack: 0x000000d812f00000,0x000000d813000000] [id=10392]
  0x00000240fd4f6b10 GCTaskThread "GC Thread#1" [stack: 0x000000d814500000,0x000000d814600000] [id=9624]
  0x00000240fd667ab0 GCTaskThread "GC Thread#2" [stack: 0x000000d814600000,0x000000d814700000] [id=6452]
  0x00000240fd668170 GCTaskThread "GC Thread#3" [stack: 0x000000d814700000,0x000000d814800000] [id=9580]
  0x00000240ef2c2640 ConcurrentGCThread "G1 Main Marker" [stack: 0x000000d813000000,0x000000d813100000] [id=1580]
  0x00000240ef2c3f70 ConcurrentGCThread "G1 Conc#0" [stack: 0x000000d813100000,0x000000d813200000] [id=8524]
  0x00000240fc090090 ConcurrentGCThread "G1 Refine#0" [stack: 0x000000d813200000,0x000000d813300000] [id=3812]
  0x00000240fd553bd0 ConcurrentGCThread "G1 Refine#1" [stack: 0x000000d814800000,0x000000d814900000] [id=5704]
  0x00000240fd534d80 ConcurrentGCThread "G1 Refine#2" [stack: 0x000000d814900000,0x000000d814a00000] [id=3912]
  0x00000240fc091a10 ConcurrentGCThread "G1 Service" [stack: 0x000000d813300000,0x000000d813400000] [id=9440]

Threads with active compile tasks:

VM state: not at safepoint (normal execution)

VM Mutex/Monitor currently owned by a thread:  ([mutex/lock_event])
[0x00000240ef252290] Metaspace_lock - owner thread: 0x00000240ef259e30

Heap address: 0x0000000089c00000, size: 1892 MB, Compressed Oops mode: 32-bit

CDS archive(s) not mapped
Compressed class space mapped at: 0x0000000100000000-0x0000000140000000, reserved size: 1073741824
Narrow klass base: 0x0000000000000000, Narrow klass shift: 3, Narrow klass range: 0x140000000

GC Precious Log:
 CPUs: 4 total, 4 available
 Memory: 7566M
 Large Page Support: Disabled
 NUMA Support: Disabled
 Compressed Oops: Enabled (32-bit)
 Heap Region Size: 1M
 Heap Min Capacity: 8M
 Heap Initial Capacity: 120M
 Heap Max Capacity: 1892M
 Pre-touch: Disabled
 Parallel Workers: 4
 Concurrent Workers: 1
 Concurrent Refinement Workers: 4
 Periodic GC: Disabled

Heap:
 garbage-first heap   total 122880K, used 23731K [0x0000000089c00000, 0x0000000100000000)
  region size 1024K, 18 young (18432K), 1 survivors (1024K)
 Metaspace       used 20413K, committed 20672K, reserved 1073152K
  class space    used 2371K, committed 2496K, reserved 1048576K

Heap Regions: E=young(eden), S=young(survivor), O=old, HS=humongous(starts), HC=humongous(continues), CS=collection set, F=free, OA=open archive, CA=closed archive, TAMS=top-at-mark-start (previous, next)
|   0|0x0000000089c00000, 0x0000000089d00000, 0x0000000089d00000|100%|HS|  |TAMS 0x0000000089c00000, 0x0000000089c00000| Complete 
|   1|0x0000000089d00000, 0x0000000089e00000, 0x0000000089e00000|100%| O|  |TAMS 0x0000000089d00000, 0x0000000089d00000| Untracked 
|   2|0x0000000089e00000, 0x0000000089f00000, 0x0000000089f00000|100%| O|  |TAMS 0x0000000089e00000, 0x0000000089e00000| Untracked 
|   3|0x0000000089f00000, 0x000000008a000000, 0x000000008a000000|100%| O|  |TAMS 0x0000000089f00000, 0x0000000089f00000| Untracked 
|   4|0x000000008a000000, 0x000000008a100000, 0x000000008a100000|100%| O|  |TAMS 0x000000008a000000, 0x000000008a000000| Untracked 
|   5|0x000000008a100000, 0x000000008a200000, 0x000000008a200000|100%| O|  |TAMS 0x000000008a100000, 0x000000008a100000| Untracked 
|   6|0x000000008a200000, 0x000000008a22ce00, 0x000000008a300000| 17%| O|  |TAMS 0x000000008a200000, 0x000000008a200000| Untracked 
|   7|0x000000008a300000, 0x000000008a300000, 0x000000008a400000|  0%| F|  |TAMS 0x000000008a300000, 0x000000008a300000| Untracked 
|   8|0x000000008a400000, 0x000000008a400000, 0x000000008a500000|  0%| F|  |TAMS 0x000000008a400000, 0x000000008a400000| Untracked 
|   9|0x000000008a500000, 0x000000008a500000, 0x000000008a600000|  0%| F|  |TAMS 0x000000008a500000, 0x000000008a500000| Untracked 
|  10|0x000000008a600000, 0x000000008a600000, 0x000000008a700000|  0%| F|  |TAMS 0x000000008a600000, 0x000000008a600000| Untracked 
|  11|0x000000008a700000, 0x000000008a700000, 0x000000008a800000|  0%| F|  |TAMS 0x000000008a700000, 0x000000008a700000| Untracked 
|  12|0x000000008a800000, 0x000000008a800000, 0x000000008a900000|  0%| F|  |TAMS 0x000000008a800000, 0x000000008a800000| Untracked 
|  13|0x000000008a900000, 0x000000008a900000, 0x000000008aa00000|  0%| F|  |TAMS 0x000000008a900000, 0x000000008a900000| Untracked 
|  14|0x000000008aa00000, 0x000000008aa00000, 0x000000008ab00000|  0%| F|  |TAMS 0x000000008aa00000, 0x000000008aa00000| Untracked 
|  15|0x000000008ab00000, 0x000000008ab00000, 0x000000008ac00000|  0%| F|  |TAMS 0x000000008ab00000, 0x000000008ab00000| Untracked 
|  16|0x000000008ac00000, 0x000000008ac00000, 0x000000008ad00000|  0%| F|  |TAMS 0x000000008ac00000, 0x000000008ac00000| Untracked 
|  17|0x000000008ad00000, 0x000000008ad00000, 0x000000008ae00000|  0%| F|  |TAMS 0x000000008ad00000, 0x000000008ad00000| Untracked 
|  18|0x000000008ae00000, 0x000000008ae00000, 0x000000008af00000|  0%| F|  |TAMS 0x000000008ae00000, 0x000000008ae00000| Untracked 
|  19|0x000000008af00000, 0x000000008af00000, 0x000000008b000000|  0%| F|  |TAMS 0x000000008af00000, 0x000000008af00000| Untracked 
|  20|0x000000008b000000, 0x000000008b000000, 0x000000008b100000|  0%| F|  |TAMS 0x000000008b000000, 0x000000008b000000| Untracked 
|  21|0x000000008b100000, 0x000000008b100000, 0x000000008b200000|  0%| F|  |TAMS 0x000000008b100000, 0x000000008b100000| Untracked 
|  22|0x000000008b200000, 0x000000008b200000, 0x000000008b300000|  0%| F|  |TAMS 0x000000008b200000, 0x000000008b200000| Untracked 
|  23|0x000000008b300000, 0x000000008b300000, 0x000000008b400000|  0%| F|  |TAMS 0x000000008b300000, 0x000000008b300000| Untracked 
|  24|0x000000008b400000, 0x000000008b400000, 0x000000008b500000|  0%| F|  |TAMS 0x000000008b400000, 0x000000008b400000| Untracked 
|  25|0x000000008b500000, 0x000000008b500000, 0x000000008b600000|  0%| F|  |TAMS 0x000000008b500000, 0x000000008b500000| Untracked 
|  26|0x000000008b600000, 0x000000008b600000, 0x000000008b700000|  0%| F|  |TAMS 0x000000008b600000, 0x000000008b600000| Untracked 
|  27|0x000000008b700000, 0x000000008b700000, 0x000000008b800000|  0%| F|  |TAMS 0x000000008b700000, 0x000000008b700000| Untracked 
|  28|0x000000008b800000, 0x000000008b800000, 0x000000008b900000|  0%| F|  |TAMS 0x000000008b800000, 0x000000008b800000| Untracked 
|  29|0x000000008b900000, 0x000000008b900000, 0x000000008ba00000|  0%| F|  |TAMS 0x000000008b900000, 0x000000008b900000| Untracked 
|  30|0x000000008ba00000, 0x000000008ba00000, 0x000000008bb00000|  0%| F|  |TAMS 0x000000008ba00000, 0x000000008ba00000| Untracked 
|  31|0x000000008bb00000, 0x000000008bb00000, 0x000000008bc00000|  0%| F|  |TAMS 0x000000008bb00000, 0x000000008bb00000| Untracked 
|  32|0x000000008bc00000, 0x000000008bc00000, 0x000000008bd00000|  0%| F|  |TAMS 0x000000008bc00000, 0x000000008bc00000| Untracked 
|  33|0x000000008bd00000, 0x000000008bd00000, 0x000000008be00000|  0%| F|  |TAMS 0x000000008bd00000, 0x000000008bd00000| Untracked 
|  34|0x000000008be00000, 0x000000008be00000, 0x000000008bf00000|  0%| F|  |TAMS 0x000000008be00000, 0x000000008be00000| Untracked 
|  35|0x000000008bf00000, 0x000000008bf00000, 0x000000008c000000|  0%| F|  |TAMS 0x000000008bf00000, 0x000000008bf00000| Untracked 
|  36|0x000000008c000000, 0x000000008c000000, 0x000000008c100000|  0%| F|  |TAMS 0x000000008c000000, 0x000000008c000000| Untracked 
|  37|0x000000008c100000, 0x000000008c100000, 0x000000008c200000|  0%| F|  |TAMS 0x000000008c100000, 0x000000008c100000| Untracked 
|  38|0x000000008c200000, 0x000000008c200000, 0x000000008c300000|  0%| F|  |TAMS 0x000000008c200000, 0x000000008c200000| Untracked 
|  39|0x000000008c300000, 0x000000008c300000, 0x000000008c400000|  0%| F|  |TAMS 0x000000008c300000, 0x000000008c300000| Untracked 
|  40|0x000000008c400000, 0x000000008c400000, 0x000000008c500000|  0%| F|  |TAMS 0x000000008c400000, 0x000000008c400000| Untracked 
|  41|0x000000008c500000, 0x000000008c500000, 0x000000008c600000|  0%| F|  |TAMS 0x000000008c500000, 0x000000008c500000| Untracked 
|  42|0x000000008c600000, 0x000000008c600000, 0x000000008c700000|  0%| F|  |TAMS 0x000000008c600000, 0x000000008c600000| Untracked 
|  43|0x000000008c700000, 0x000000008c700000, 0x000000008c800000|  0%| F|  |TAMS 0x000000008c700000, 0x000000008c700000| Untracked 
|  44|0x000000008c800000, 0x000000008c800000, 0x000000008c900000|  0%| F|  |TAMS 0x000000008c800000, 0x000000008c800000| Untracked 
|  45|0x000000008c900000, 0x000000008c900000, 0x000000008ca00000|  0%| F|  |TAMS 0x000000008c900000, 0x000000008c900000| Untracked 
|  46|0x000000008ca00000, 0x000000008ca00000, 0x000000008cb00000|  0%| F|  |TAMS 0x000000008ca00000, 0x000000008ca00000| Untracked 
|  47|0x000000008cb00000, 0x000000008cb00000, 0x000000008cc00000|  0%| F|  |TAMS 0x000000008cb00000, 0x000000008cb00000| Untracked 
|  48|0x000000008cc00000, 0x000000008cc00000, 0x000000008cd00000|  0%| F|  |TAMS 0x000000008cc00000, 0x000000008cc00000| Untracked 
|  49|0x000000008cd00000, 0x000000008cd00000, 0x000000008ce00000|  0%| F|  |TAMS 0x000000008cd00000, 0x000000008cd00000| Untracked 
|  50|0x000000008ce00000, 0x000000008ce00000, 0x000000008cf00000|  0%| F|  |TAMS 0x000000008ce00000, 0x000000008ce00000| Untracked 
|  51|0x000000008cf00000, 0x000000008cf00000, 0x000000008d000000|  0%| F|  |TAMS 0x000000008cf00000, 0x000000008cf00000| Untracked 
|  52|0x000000008d000000, 0x000000008d000000, 0x000000008d100000|  0%| F|  |TAMS 0x000000008d000000, 0x000000008d000000| Untracked 
|  53|0x000000008d100000, 0x000000008d100000, 0x000000008d200000|  0%| F|  |TAMS 0x000000008d100000, 0x000000008d100000| Untracked 
|  54|0x000000008d200000, 0x000000008d200000, 0x000000008d300000|  0%| F|  |TAMS 0x000000008d200000, 0x000000008d200000| Untracked 
|  55|0x000000008d300000, 0x000000008d300000, 0x000000008d400000|  0%| F|  |TAMS 0x000000008d300000, 0x000000008d300000| Untracked 
|  56|0x000000008d400000, 0x000000008d400000, 0x000000008d500000|  0%| F|  |TAMS 0x000000008d400000, 0x000000008d400000| Untracked 
|  57|0x000000008d500000, 0x000000008d500000, 0x000000008d600000|  0%| F|  |TAMS 0x000000008d500000, 0x000000008d500000| Untracked 
|  58|0x000000008d600000, 0x000000008d600000, 0x000000008d700000|  0%| F|  |TAMS 0x000000008d600000, 0x000000008d600000| Untracked 
|  59|0x000000008d700000, 0x000000008d700000, 0x000000008d800000|  0%| F|  |TAMS 0x000000008d700000, 0x000000008d700000| Untracked 
|  60|0x000000008d800000, 0x000000008d800000, 0x000000008d900000|  0%| F|  |TAMS 0x000000008d800000, 0x000000008d800000| Untracked 
|  61|0x000000008d900000, 0x000000008d900000, 0x000000008da00000|  0%| F|  |TAMS 0x000000008d900000, 0x000000008d900000| Untracked 
|  62|0x000000008da00000, 0x000000008da00000, 0x000000008db00000|  0%| F|  |TAMS 0x000000008da00000, 0x000000008da00000| Untracked 
|  63|0x000000008db00000, 0x000000008db00000, 0x000000008dc00000|  0%| F|  |TAMS 0x000000008db00000, 0x000000008db00000| Untracked 
|  64|0x000000008dc00000, 0x000000008dc00000, 0x000000008dd00000|  0%| F|  |TAMS 0x000000008dc00000, 0x000000008dc00000| Untracked 
|  65|0x000000008dd00000, 0x000000008dd00000, 0x000000008de00000|  0%| F|  |TAMS 0x000000008dd00000, 0x000000008dd00000| Untracked 
|  66|0x000000008de00000, 0x000000008de00000, 0x000000008df00000|  0%| F|  |TAMS 0x000000008de00000, 0x000000008de00000| Untracked 
|  67|0x000000008df00000, 0x000000008df00000, 0x000000008e000000|  0%| F|  |TAMS 0x000000008df00000, 0x000000008df00000| Untracked 
|  68|0x000000008e000000, 0x000000008e000000, 0x000000008e100000|  0%| F|  |TAMS 0x000000008e000000, 0x000000008e000000| Untracked 
|  69|0x000000008e100000, 0x000000008e100000, 0x000000008e200000|  0%| F|  |TAMS 0x000000008e100000, 0x000000008e100000| Untracked 
|  70|0x000000008e200000, 0x000000008e200000, 0x000000008e300000|  0%| F|  |TAMS 0x000000008e200000, 0x000000008e200000| Untracked 
|  71|0x000000008e300000, 0x000000008e300000, 0x000000008e400000|  0%| F|  |TAMS 0x000000008e300000, 0x000000008e300000| Untracked 
|  72|0x000000008e400000, 0x000000008e400000, 0x000000008e500000|  0%| F|  |TAMS 0x000000008e400000, 0x000000008e400000| Untracked 
|  73|0x000000008e500000, 0x000000008e500000, 0x000000008e600000|  0%| F|  |TAMS 0x000000008e500000, 0x000000008e500000| Untracked 
|  74|0x000000008e600000, 0x000000008e600000, 0x000000008e700000|  0%| F|  |TAMS 0x000000008e600000, 0x000000008e600000| Untracked 
|  75|0x000000008e700000, 0x000000008e700000, 0x000000008e800000|  0%| F|  |TAMS 0x000000008e700000, 0x000000008e700000| Untracked 
|  76|0x000000008e800000, 0x000000008e800000, 0x000000008e900000|  0%| F|  |TAMS 0x000000008e800000, 0x000000008e800000| Untracked 
|  77|0x000000008e900000, 0x000000008e900000, 0x000000008ea00000|  0%| F|  |TAMS 0x000000008e900000, 0x000000008e900000| Untracked 
|  78|0x000000008ea00000, 0x000000008ea00000, 0x000000008eb00000|  0%| F|  |TAMS 0x000000008ea00000, 0x000000008ea00000| Untracked 
|  79|0x000000008eb00000, 0x000000008eb00000, 0x000000008ec00000|  0%| F|  |TAMS 0x000000008eb00000, 0x000000008eb00000| Untracked 
|  80|0x000000008ec00000, 0x000000008ec00000, 0x000000008ed00000|  0%| F|  |TAMS 0x000000008ec00000, 0x000000008ec00000| Untracked 
|  81|0x000000008ed00000, 0x000000008ed00000, 0x000000008ee00000|  0%| F|  |TAMS 0x000000008ed00000, 0x000000008ed00000| Untracked 
|  82|0x000000008ee00000, 0x000000008ee00000, 0x000000008ef00000|  0%| F|  |TAMS 0x000000008ee00000, 0x000000008ee00000| Untracked 
|  83|0x000000008ef00000, 0x000000008ef00000, 0x000000008f000000|  0%| F|  |TAMS 0x000000008ef00000, 0x000000008ef00000| Untracked 
|  84|0x000000008f000000, 0x000000008f000000, 0x000000008f100000|  0%| F|  |TAMS 0x000000008f000000, 0x000000008f000000| Untracked 
|  85|0x000000008f100000, 0x000000008f100000, 0x000000008f200000|  0%| F|  |TAMS 0x000000008f100000, 0x000000008f100000| Untracked 
|  86|0x000000008f200000, 0x000000008f200000, 0x000000008f300000|  0%| F|  |TAMS 0x000000008f200000, 0x000000008f200000| Untracked 
|  87|0x000000008f300000, 0x000000008f300000, 0x000000008f400000|  0%| F|  |TAMS 0x000000008f300000, 0x000000008f300000| Untracked 
|  88|0x000000008f400000, 0x000000008f400000, 0x000000008f500000|  0%| F|  |TAMS 0x000000008f400000, 0x000000008f400000| Untracked 
|  89|0x000000008f500000, 0x000000008f500000, 0x000000008f600000|  0%| F|  |TAMS 0x000000008f500000, 0x000000008f500000| Untracked 
|  90|0x000000008f600000, 0x000000008f600000, 0x000000008f700000|  0%| F|  |TAMS 0x000000008f600000, 0x000000008f600000| Untracked 
|  91|0x000000008f700000, 0x000000008f700000, 0x000000008f800000|  0%| F|  |TAMS 0x000000008f700000, 0x000000008f700000| Untracked 
|  92|0x000000008f800000, 0x000000008f800000, 0x000000008f900000|  0%| F|  |TAMS 0x000000008f800000, 0x000000008f800000| Untracked 
|  93|0x000000008f900000, 0x000000008f900000, 0x000000008fa00000|  0%| F|  |TAMS 0x000000008f900000, 0x000000008f900000| Untracked 
|  94|0x000000008fa00000, 0x000000008fa00000, 0x000000008fb00000|  0%| F|  |TAMS 0x000000008fa00000, 0x000000008fa00000| Untracked 
|  95|0x000000008fb00000, 0x000000008fb00000, 0x000000008fc00000|  0%| F|  |TAMS 0x000000008fb00000, 0x000000008fb00000| Untracked 
|  96|0x000000008fc00000, 0x000000008fc00000, 0x000000008fd00000|  0%| F|  |TAMS 0x000000008fc00000, 0x000000008fc00000| Untracked 
|  97|0x000000008fd00000, 0x000000008fd00000, 0x000000008fe00000|  0%| F|  |TAMS 0x000000008fd00000, 0x000000008fd00000| Untracked 
|  98|0x000000008fe00000, 0x000000008fe00000, 0x000000008ff00000|  0%| F|  |TAMS 0x000000008fe00000, 0x000000008fe00000| Untracked 
|  99|0x000000008ff00000, 0x000000008ff00000, 0x0000000090000000|  0%| F|  |TAMS 0x000000008ff00000, 0x000000008ff00000| Untracked 
| 100|0x0000000090000000, 0x0000000090000000, 0x0000000090100000|  0%| F|  |TAMS 0x0000000090000000, 0x0000000090000000| Untracked 
| 101|0x0000000090100000, 0x0000000090100000, 0x0000000090200000|  0%| F|  |TAMS 0x0000000090100000, 0x0000000090100000| Untracked 
| 102|0x0000000090200000, 0x000000009024b580, 0x0000000090300000| 29%| E|  |TAMS 0x0000000090200000, 0x0000000090200000| Complete 
| 103|0x0000000090300000, 0x0000000090400000, 0x0000000090400000|100%| E|CS|TAMS 0x0000000090300000, 0x0000000090300000| Complete 
| 104|0x0000000090400000, 0x0000000090500000, 0x0000000090500000|100%| E|CS|TAMS 0x0000000090400000, 0x0000000090400000| Complete 
| 105|0x0000000090500000, 0x0000000090600000, 0x0000000090600000|100%| E|CS|TAMS 0x0000000090500000, 0x0000000090500000| Complete 
| 106|0x0000000090600000, 0x0000000090700000, 0x0000000090700000|100%| E|CS|TAMS 0x0000000090600000, 0x0000000090600000| Complete 
| 107|0x0000000090700000, 0x0000000090800000, 0x0000000090800000|100%| E|CS|TAMS 0x0000000090700000, 0x0000000090700000| Complete 
| 108|0x0000000090800000, 0x0000000090900000, 0x0000000090900000|100%| E|CS|TAMS 0x0000000090800000, 0x0000000090800000| Complete 
| 109|0x0000000090900000, 0x0000000090a00000, 0x0000000090a00000|100%| E|CS|TAMS 0x0000000090900000, 0x0000000090900000| Complete 
| 110|0x0000000090a00000, 0x0000000090b00000, 0x0000000090b00000|100%| S|CS|TAMS 0x0000000090a00000, 0x0000000090a00000| Complete 
| 111|0x0000000090b00000, 0x0000000090c00000, 0x0000000090c00000|100%| E|CS|TAMS 0x0000000090b00000, 0x0000000090b00000| Complete 
| 112|0x0000000090c00000, 0x0000000090d00000, 0x0000000090d00000|100%| E|CS|TAMS 0x0000000090c00000, 0x0000000090c00000| Complete 
| 113|0x0000000090d00000, 0x0000000090e00000, 0x0000000090e00000|100%| E|CS|TAMS 0x0000000090d00000, 0x0000000090d00000| Complete 
| 114|0x0000000090e00000, 0x0000000090f00000, 0x0000000090f00000|100%| E|CS|TAMS 0x0000000090e00000, 0x0000000090e00000| Complete 
| 115|0x0000000090f00000, 0x0000000091000000, 0x0000000091000000|100%| E|CS|TAMS 0x0000000090f00000, 0x0000000090f00000| Complete 
| 116|0x0000000091000000, 0x0000000091100000, 0x0000000091100000|100%| E|CS|TAMS 0x0000000091000000, 0x0000000091000000| Complete 
| 117|0x0000000091100000, 0x0000000091200000, 0x0000000091200000|100%| E|CS|TAMS 0x0000000091100000, 0x0000000091100000| Complete 
| 118|0x0000000091200000, 0x0000000091300000, 0x0000000091300000|100%| E|CS|TAMS 0x0000000091200000, 0x0000000091200000| Complete 
| 119|0x0000000091300000, 0x0000000091400000, 0x0000000091400000|100%| E|CS|TAMS 0x0000000091300000, 0x0000000091300000| Complete 

Card table byte_map: [0x00000240f5cd0000,0x00000240f6090000] _byte_map_base: 0x00000240f5882000

Marking Bits (Prev, Next): (CMBitMap*) 0x00000240ef2b3090, (CMBitMap*) 0x00000240ef2b30d0
 Prev Bits: [0x00000240f6450000, 0x00000240f81e0000)
 Next Bits: [0x00000240f81e0000, 0x00000240f9f70000)

Polling page: 0x00000240ed120000

Metaspace:

Usage:
  Non-class:     17.62 MB used.
      Class:      2.32 MB used.
       Both:     19.94 MB used.

Virtual space:
  Non-class space:       24.00 MB reserved,      17.75 MB ( 74%) committed,  3 nodes.
      Class space:        1.00 GB reserved,       2.44 MB ( <1%) committed,  1 nodes.
             Both:        1.02 GB reserved,      20.19 MB (  2%) committed. 

Chunk freelists:
   Non-Class:  1.98 MB
       Class:  1.53 MB
        Both:  3.52 MB

MaxMetaspaceSize: unlimited
CompressedClassSpaceSize: 1.00 GB
Initial GC threshold: 21.00 MB
Current GC threshold: 21.00 MB
CDS: off
MetaspaceReclaimPolicy: balanced
 - commit_granule_bytes: 65536.
 - commit_granule_words: 8192.
 - virtual_space_node_default_size: 1048576.
 - enlarge_chunks_in_place: 1.
 - new_chunks_are_fully_committed: 0.
 - uncommit_free_chunks: 1.
 - use_allocation_guard: 0.
 - handle_deallocations: 1.


Internal statistics:

num_allocs_failed_limit: 0.
num_arena_births: 258.
num_arena_deaths: 0.
num_vsnodes_births: 4.
num_vsnodes_deaths: 0.
num_space_committed: 323.
num_space_uncommitted: 0.
num_chunks_returned_to_freelist: 0.
num_chunks_taken_from_freelist: 610.
num_chunk_merges: 0.
num_chunk_splits: 360.
num_chunks_enlarged: 219.
num_purges: 0.
num_inconsistent_stats: 0.

CodeCache: size=49152Kb used=4954Kb max_used=4954Kb free=44197Kb
 bounds [0x00000240f2910000, 0x00000240f2df0000, 0x00000240f5910000]
 total_blobs=2331 nmethods=1868 adapters=388
 compilation: enabled
              stopped_count=0, restarted_count=0
 full_count=0

Compilation events (20 events):
Event: 2.878 Thread 0x00000240fc2752b0 1849       1       java.util.Arrays$ArrayList::size (6 bytes)
Event: 2.878 Thread 0x00000240fc2752b0 nmethod 1849 0x00000240f2ddcb90 code [0x00000240f2ddcd20, 0x00000240f2ddcdf8]
Event: 2.881 Thread 0x00000240fcd9d060 1850       1       java.lang.invoke.LambdaFormEditor::bindArgumentType (101 bytes)
Event: 2.881 Thread 0x00000240fcd40f00 1851       1       java.lang.invoke.LambdaFormEditor::bindArgumentForm (269 bytes)
Event: 2.881 Thread 0x00000240fc2752b0 1852       1       java.lang.invoke.LambdaFormEditor$TransformKey::of (49 bytes)
Event: 2.881 Thread 0x00000240fcd9d060 nmethod 1850 0x00000240f2ddce90 code [0x00000240f2ddd020, 0x00000240f2ddd108]
Event: 2.881 Thread 0x00000240fc2752b0 nmethod 1852 0x00000240f2ddd210 code [0x00000240f2ddd3c0, 0x00000240f2ddd6f8]
Event: 2.882 Thread 0x00000240fc2752b0 1853       1       java.lang.invoke.LambdaFormEditor$TransformKey::packedBytes (32 bytes)
Event: 2.882 Thread 0x00000240fc2752b0 nmethod 1853 0x00000240f2ddd810 code [0x00000240f2ddd9a0, 0x00000240f2ddda58]
Event: 2.883 Thread 0x00000240fcd40f00 nmethod 1851 0x00000240f2dddb10 code [0x00000240f2ddde20, 0x00000240f2ddea68]
Event: 2.885 Thread 0x00000240fc2752b0 1854       1       java.util.BitSet::wordIndex (5 bytes)
Event: 2.885 Thread 0x00000240fcd9d060 1855       1       java.util.BitSet::checkInvariants (111 bytes)
Event: 2.885 Thread 0x00000240fcd9d060 nmethod 1855 0x00000240f2ddf290 code [0x00000240f2ddf420, 0x00000240f2ddf4d8]
Event: 2.885 Thread 0x00000240fc2752b0 nmethod 1854 0x00000240f2ddf590 code [0x00000240f2ddf720, 0x00000240f2ddf7d8]
Event: 2.888 Thread 0x00000240fc2752b0 1856       1       java.util.BitSet::get (69 bytes)
Event: 2.889 Thread 0x00000240fcd9d060 1857       1       java.util.Collections::emptyMap (4 bytes)
Event: 2.889 Thread 0x00000240fcd9d060 nmethod 1857 0x00000240f2ddfb90 code [0x00000240f2ddfd20, 0x00000240f2ddfdd8]
Event: 2.889 Thread 0x00000240fc2752b0 nmethod 1856 0x00000240f2ddfe90 code [0x00000240f2de0080, 0x00000240f2de04e8]
Event: 2.901 Thread 0x00000240fc2752b0 1858  s    1       java.lang.Throwable::fillInStackTrace (29 bytes)
Event: 2.901 Thread 0x00000240fc2752b0 nmethod 1858 0x00000240f2de0b90 code [0x00000240f2de0d40, 0x00000240f2de0f68]

GC Heap History (4 events):
Event: 2.123 GC heap before
{Heap before GC invocations=0 (full 0):
 garbage-first heap   total 122880K, used 13312K [0x0000000089c00000, 0x0000000100000000)
  region size 1024K, 13 young (13312K), 0 survivors (0K)
 Metaspace       used 13486K, committed 13696K, reserved 1064960K
  class space    used 1380K, committed 1472K, reserved 1048576K
}
Event: 2.135 GC heap after
{Heap after GC invocations=1 (full 0):
 garbage-first heap   total 122880K, used 6192K [0x0000000089c00000, 0x0000000100000000)
  region size 1024K, 2 young (2048K), 2 survivors (2048K)
 Metaspace       used 13486K, committed 13696K, reserved 1064960K
  class space    used 1380K, committed 1472K, reserved 1048576K
}
Event: 2.483 GC heap before
{Heap before GC invocations=1 (full 0):
 garbage-first heap   total 122880K, used 15408K [0x0000000089c00000, 0x0000000100000000)
  region size 1024K, 11 young (11264K), 2 survivors (2048K)
 Metaspace       used 16516K, committed 16768K, reserved 1064960K
  class space    used 1788K, committed 1920K, reserved 1048576K
}
Event: 2.491 GC heap after
{Heap after GC invocations=2 (full 0):
 garbage-first heap   total 122880K, used 7347K [0x0000000089c00000, 0x0000000100000000)
  region size 1024K, 1 young (1024K), 1 survivors (1024K)
 Metaspace       used 16516K, committed 16768K, reserved 1064960K
  class space    used 1788K, committed 1920K, reserved 1048576K
}

Dll operation events (7 events):
Event: 0.020 Loaded shared library C:\ProgramasDevs\stsVErdadeiro\spring-tool-suite-4-4.17.2.RELEASE-e4.26.0-win32.win32.x86_64.self-extracting\sts-4.17.2.RELEASE\plugins\org.eclipse.justj.openjdk.hotspot.jre.full.win32.x86_64_17.0.6.v20230125-1136\jre\bin\java.dll
Event: 0.421 Loaded shared library C:\ProgramasDevs\stsVErdadeiro\spring-tool-suite-4-4.17.2.RELEASE-e4.26.0-win32.win32.x86_64.self-extracting\sts-4.17.2.RELEASE\plugins\org.eclipse.justj.openjdk.hotspot.jre.full.win32.x86_64_17.0.6.v20230125-1136\jre\bin\jimage.dll
Event: 0.448 Loaded shared library C:\ProgramasDevs\stsVErdadeiro\spring-tool-suite-4-4.17.2.RELEASE-e4.26.0-win32.win32.x86_64.self-extracting\sts-4.17.2.RELEASE\plugins\org.eclipse.justj.openjdk.hotspot.jre.full.win32.x86_64_17.0.6.v20230125-1136\jre\bin\net.dll
Event: 0.451 Loaded shared library C:\ProgramasDevs\stsVErdadeiro\spring-tool-suite-4-4.17.2.RELEASE-e4.26.0-win32.win32.x86_64.self-extracting\sts-4.17.2.RELEASE\plugins\org.eclipse.justj.openjdk.hotspot.jre.full.win32.x86_64_17.0.6.v20230125-1136\jre\bin\nio.dll
Event: 0.461 Loaded shared library C:\ProgramasDevs\stsVErdadeiro\spring-tool-suite-4-4.17.2.RELEASE-e4.26.0-win32.win32.x86_64.self-extracting\sts-4.17.2.RELEASE\plugins\org.eclipse.justj.openjdk.hotspot.jre.full.win32.x86_64_17.0.6.v20230125-1136\jre\bin\zip.dll
Event: 0.615 Loaded shared library C:\ProgramasDevs\stsVErdadeiro\spring-tool-suite-4-4.17.2.RELEASE-e4.26.0-win32.win32.x86_64.self-extracting\sts-4.17.2.RELEASE\plugins\org.eclipse.justj.openjdk.hotspot.jre.full.win32.x86_64_17.0.6.v20230125-1136\jre\bin\management.
Event: 0.696 Loaded shared library C:\ProgramasDevs\stsVErdadeiro\spring-tool-suite-4-4.17.2.RELEASE-e4.26.0-win32.win32.x86_64.self-extracting\sts-4.17.2.RELEASE\plugins\org.eclipse.justj.openjdk.hotspot.jre.full.win32.x86_64_17.0.6.v20230125-1136\jre\bin\management_

Deoptimization events (0 events):
No events

Classes unloaded (0 events):
No events

Classes redefined (0 events):
No events

Internal exceptions (20 events):
Event: 2.655 Thread 0x00000240ef259e30 Exception <a 'java/lang/NoSuchMethodError'{0x0000000090e54470}: 'java.lang.Object java.lang.invoke.DirectMethodHandle$Holder.invokeSpecial(java.lang.Object, java.lang.Object, java.lang.Object, java.lang.Object, java.lang.Object, java.lang.Object, int)'> (0x0000000090e54470) 
thrown [s\src\hotspot\share\interpreter\linkResolver.cpp, line 759]
Event: 2.655 Thread 0x00000240ef259e30 Exception <a 'java/lang/NoSuchMethodError'{0x0000000090e5e9d8}: 'java.lang.Object java.lang.invoke.DirectMethodHandle$Holder.newInvokeSpecial(java.lang.Object, java.lang.Object, java.lang.Object, java.lang.Object, java.lang.Object, java.lang.Object, int)'> (0x0000000090e5e9d8) 
thrown [s\src\hotspot\share\interpreter\linkResolver.cpp, line 759]
Event: 2.655 Thread 0x00000240ef259e30 Exception <a 'java/lang/NoSuchMethodError'{0x0000000090e63f88}: 'java.lang.Object java.lang.invoke.DirectMethodHandle$Holder.invokeSpecial(java.lang.Object, java.lang.Object, java.lang.Object, java.lang.Object, java.lang.Object, java.lang.Object, java.lang.Object, int)'> (0x0000000090e63f88) 
thrown [s\src\hotspot\share\interpreter\linkResolver.cpp, line 759]
Event: 2.725 Thread 0x00000240ef259e30 Exception <a 'java/lang/NoSuchMethodError'{0x0000000090ca0058}: 'java.lang.Object java.lang.invoke.DirectMethodHandle$Holder.invokeSpecial(java.lang.Object, java.lang.Object, java.lang.Object, int, java.lang.Object)'> (0x0000000090ca0058) 
thrown [s\src\hotspot\share\interpreter\linkResolver.cpp, line 759]
Event: 2.726 Thread 0x00000240ef259e30 Exception <a 'java/lang/NoSuchMethodError'{0x0000000090ca85c0}: 'java.lang.Object java.lang.invoke.DirectMethodHandle$Holder.newInvokeSpecial(java.lang.Object, java.lang.Object, java.lang.Object, int, java.lang.Object)'> (0x0000000090ca85c0) 
thrown [s\src\hotspot\share\interpreter\linkResolver.cpp, line 759]
Event: 2.727 Thread 0x00000240ef259e30 Exception <a 'java/lang/NoSuchMethodError'{0x0000000090cbe1d0}: 'java.lang.Object java.lang.invoke.DirectMethodHandle$Holder.newInvokeSpecial(java.lang.Object, int, java.lang.Object)'> (0x0000000090cbe1d0) 
thrown [s\src\hotspot\share\interpreter\linkResolver.cpp, line 759]
Event: 2.728 Thread 0x00000240ef259e30 Exception <a 'java/lang/NoSuchMethodError'{0x0000000090cc21a0}: 'int java.lang.invoke.DirectMethodHandle$Holder.invokeSpecialIFC(java.lang.Object, java.lang.Object, java.lang.Object, java.lang.Object)'> (0x0000000090cc21a0) 
thrown [s\src\hotspot\share\interpreter\linkResolver.cpp, line 759]
Event: 2.777 Thread 0x00000240ef259e30 Exception <a 'java/lang/NoSuchMethodError'{0x00000000909630e8}: 'void java.lang.invoke.DirectMethodHandle$Holder.invokeInterface(java.lang.Object, java.lang.Object, java.lang.Object)'> (0x00000000909630e8) 
thrown [s\src\hotspot\share\interpreter\linkResolver.cpp, line 759]
Event: 2.792 Thread 0x00000240ef259e30 Exception <a 'java/lang/NoSuchMethodError'{0x00000000909b9eb0}: 'int java.lang.invoke.DirectMethodHandle$Holder.invokeVirtual(java.lang.Object, java.lang.Object)'> (0x00000000909b9eb0) 
thrown [s\src\hotspot\share\interpreter\linkResolver.cpp, line 759]
Event: 2.805 Thread 0x00000240ef259e30 Exception <a 'java/lang/NoSuchMethodError'{0x000000009081bc28}: 'void java.lang.invoke.DirectMethodHandle$Holder.invokeStatic(java.lang.Object, java.lang.Object, int)'> (0x000000009081bc28) 
thrown [s\src\hotspot\share\interpreter\linkResolver.cpp, line 759]
Event: 2.806 Thread 0x00000240ef259e30 Exception <a 'java/lang/NoSuchMethodError'{0x00000000908239a8}: 'void java.lang.invoke.DirectMethodHandle$Holder.invokeStaticInit(java.lang.Object, java.lang.Object)'> (0x00000000908239a8) 
thrown [s\src\hotspot\share\interpreter\linkResolver.cpp, line 759]
Event: 2.809 Thread 0x00000240ef259e30 Exception <a 'java/lang/NoSuchMethodError'{0x0000000090833f00}: 'void java.lang.invoke.DirectMethodHandle$Holder.invokeStaticInit(java.lang.Object, java.lang.Object, java.lang.Object)'> (0x0000000090833f00) 
thrown [s\src\hotspot\share\interpreter\linkResolver.cpp, line 759]
Event: 2.814 Thread 0x00000240ef259e30 Exception <a 'java/lang/NoSuchMethodError'{0x0000000090871110}: 'java.lang.Object java.lang.invoke.DirectMethodHandle$Holder.invokeStatic(java.lang.Object, java.lang.Object, long, java.lang.Object)'> (0x0000000090871110) 
thrown [s\src\hotspot\share\interpreter\linkResolver.cpp, line 759]
Event: 2.814 Thread 0x00000240ef259e30 Exception <a 'java/lang/NoSuchMethodError'{0x0000000090874ba8}: 'java.lang.Object java.lang.invoke.DirectMethodHandle$Holder.invokeStaticInit(java.lang.Object, java.lang.Object, long, java.lang.Object)'> (0x0000000090874ba8) 
thrown [s\src\hotspot\share\interpreter\linkResolver.cpp, line 759]
Event: 2.815 Thread 0x00000240ef259e30 Exception <a 'java/lang/NoSuchMethodError'{0x000000009087b1b8}: 'java.lang.Object java.lang.invoke.DirectMethodHandle$Holder.newInvokeSpecial(java.lang.Object, java.lang.Object, long)'> (0x000000009087b1b8) 
thrown [s\src\hotspot\share\interpreter\linkResolver.cpp, line 759]
Event: 2.826 Thread 0x00000240ef259e30 Exception <a 'java/lang/NoSuchMethodError'{0x00000000908bf538}: 'void java.lang.invoke.DirectMethodHandle$Holder.invokeVirtual(java.lang.Object, java.lang.Object, java.lang.Object, java.lang.Object)'> (0x00000000908bf538) 
thrown [s\src\hotspot\share\interpreter\linkResolver.cpp, line 759]
Event: 2.864 Thread 0x00000240ef259e30 Exception <a 'java/lang/NoSuchMethodError'{0x0000000090601030}: 'void java.lang.invoke.DirectMethodHandle$Holder.invokeSpecial(java.lang.Object, java.lang.Object, java.lang.Object)'> (0x0000000090601030) 
thrown [s\src\hotspot\share\interpreter\linkResolver.cpp, line 759]
Event: 2.865 Thread 0x00000240ef259e30 Exception <a 'java/lang/NoSuchMethodError'{0x0000000090607608}: 'void java.lang.invoke.DirectMethodHandle$Holder.invokeSpecial(java.lang.Object, java.lang.Object, java.lang.Object, java.lang.Object, java.lang.Object)'> (0x0000000090607608) 
thrown [s\src\hotspot\share\interpreter\linkResolver.cpp, line 759]
Event: 2.873 Thread 0x00000240ef259e30 Exception <a 'java/lang/IncompatibleClassChangeError'{0x00000000906375f0}: Found class java.lang.Object, but interface was expected> (0x00000000906375f0) 
thrown [s\src\hotspot\share\interpreter\linkResolver.cpp, line 826]
Event: 2.874 Thread 0x00000240fe665d80 Exception <a 'java/lang/NoClassDefFoundError'{0x0000000090677f10}: jakarta/validation/Validation> (0x0000000090677f10) 
thrown [s\src\hotspot\share\classfile\systemDictionary.cpp, line 245]

VM Operations (20 events):
Event: 1.885 Executing VM operation: HandshakeAllThreads
Event: 1.885 Executing VM operation: HandshakeAllThreads done
Event: 2.029 Executing VM operation: HandshakeAllThreads
Event: 2.029 Executing VM operation: HandshakeAllThreads done
Event: 2.037 Executing VM operation: HandshakeAllThreads
Event: 2.037 Executing VM operation: HandshakeAllThreads done
Event: 2.123 Executing VM operation: G1CollectForAllocation
Event: 2.135 Executing VM operation: G1CollectForAllocation done
Event: 2.433 Executing VM operation: HandshakeAllThreads
Event: 2.433 Executing VM operation: HandshakeAllThreads done
Event: 2.464 Executing VM operation: HandshakeAllThreads
Event: 2.464 Executing VM operation: HandshakeAllThreads done
Event: 2.483 Executing VM operation: G1CollectForAllocation
Event: 2.491 Executing VM operation: G1CollectForAllocation done
Event: 2.704 Executing VM operation: HandshakeAllThreads
Event: 2.704 Executing VM operation: HandshakeAllThreads done
Event: 2.861 Executing VM operation: HandshakeAllThreads
Event: 2.861 Executing VM operation: HandshakeAllThreads done
Event: 2.879 Executing VM operation: ICBufferFull
Event: 2.879 Executing VM operation: ICBufferFull done

Events (20 events):
Event: 2.926 loading class com/sun/org/apache/xalan/internal/utils/FeaturePropertyBase done
Event: 2.926 loading class com/sun/org/apache/xalan/internal/utils/XMLSecurityPropertyManager done
Event: 2.926 loading class com/sun/org/apache/xalan/internal/utils/FeaturePropertyBase$State
Event: 2.927 loading class com/sun/org/apache/xalan/internal/utils/FeaturePropertyBase$State done
Event: 2.927 loading class com/sun/org/apache/xalan/internal/utils/XMLSecurityPropertyManager$Property
Event: 2.927 loading class com/sun/org/apache/xalan/internal/utils/XMLSecurityPropertyManager$Property done
Event: 2.927 loading class jdk/xml/internal/XMLSecurityManager
Event: 2.927 loading class jdk/xml/internal/XMLSecurityManager done
Event: 2.927 loading class jdk/xml/internal/XMLSecurityManager$Limit
Event: 2.927 loading class jdk/xml/internal/XMLSecurityManager$Limit done
Event: 2.927 loading class jdk/xml/internal/XMLSecurityManager$Processor
Event: 2.927 loading class jdk/xml/internal/XMLSecurityManager$Processor done
Event: 2.927 loading class jdk/xml/internal/XMLSecurityManager$NameMap
Event: 2.927 loading class jdk/xml/internal/XMLSecurityManager$NameMap done
Event: 2.928 loading class jdk/xml/internal/JdkProperty
Event: 2.928 loading class jdk/xml/internal/JdkProperty done
Event: 2.934 loading class java/io/NotSerializableException
Event: 2.934 loading class java/io/ObjectStreamException
Event: 2.934 loading class java/io/ObjectStreamException done
Event: 2.934 loading class java/io/NotSerializableException done


Dynamic libraries:
0x00007ff75ade0000 - 0x00007ff75adee000 	C:\ProgramasDevs\stsVErdadeiro\spring-tool-suite-4-4.17.2.RELEASE-e4.26.0-win32.win32.x86_64.self-extracting\sts-4.17.2.RELEASE\plugins\org.eclipse.justj.openjdk.hotspot.jre.full.win32.x86_64_17.0.6.v20230125-1136\jre\bin\javaw.exe
0x00007ff8d32d0000 - 0x00007ff8d34c8000 	C:\WINDOWS\SYSTEM32\ntdll.dll
0x00007ff8d1330000 - 0x00007ff8d13ef000 	C:\WINDOWS\System32\KERNEL32.DLL
0x00007ff8d0a80000 - 0x00007ff8d0d5a000 	C:\WINDOWS\System32\KERNELBASE.dll
0x00007ff8d0ec0000 - 0x00007ff8d0fc0000 	C:\WINDOWS\System32\ucrtbase.dll
0x00007ff8c2f90000 - 0x00007ff8c2fa7000 	C:\ProgramasDevs\stsVErdadeiro\spring-tool-suite-4-4.17.2.RELEASE-e4.26.0-win32.win32.x86_64.self-extracting\sts-4.17.2.RELEASE\plugins\org.eclipse.justj.openjdk.hotspot.jre.full.win32.x86_64_17.0.6.v20230125-1136\jre\bin\jli.dll
0x00007ff8d1fe0000 - 0x00007ff8d217d000 	C:\WINDOWS\System32\USER32.dll
0x00007ff8d1200000 - 0x00007ff8d1222000 	C:\WINDOWS\System32\win32u.dll
0x00007ff8d1f00000 - 0x00007ff8d1f2b000 	C:\WINDOWS\System32\GDI32.dll
0x00007ff8d10f0000 - 0x00007ff8d1200000 	C:\WINDOWS\System32\gdi32full.dll
0x00007ff8d1050000 - 0x00007ff8d10ed000 	C:\WINDOWS\System32\msvcp_win.dll
0x00007ff8c2b20000 - 0x00007ff8c2b39000 	C:\ProgramasDevs\stsVErdadeiro\spring-tool-suite-4-4.17.2.RELEASE-e4.26.0-win32.win32.x86_64.self-extracting\sts-4.17.2.RELEASE\plugins\org.eclipse.justj.openjdk.hotspot.jre.full.win32.x86_64_17.0.6.v20230125-1136\jre\bin\VCRUNTIME140.dll
0x00007ff8c14e0000 - 0x00007ff8c177a000 	C:\WINDOWS\WinSxS\amd64_microsoft.windows.common-controls_6595b64144ccf1df_6.0.19041.1110_none_60b5254171f9507e\COMCTL32.dll
0x00007ff8d2190000 - 0x00007ff8d222e000 	C:\WINDOWS\System32\msvcrt.dll
0x00007ff8d25c0000 - 0x00007ff8d25f0000 	C:\WINDOWS\System32\IMM32.DLL
0x00007ff8c7d10000 - 0x00007ff8c7d1c000 	C:\ProgramasDevs\stsVErdadeiro\spring-tool-suite-4-4.17.2.RELEASE-e4.26.0-win32.win32.x86_64.self-extracting\sts-4.17.2.RELEASE\plugins\org.eclipse.justj.openjdk.hotspot.jre.full.win32.x86_64_17.0.6.v20230125-1136\jre\bin\vcruntime140_1.dll
0x00007ff8bbe00000 - 0x00007ff8bbe91000 	C:\ProgramasDevs\stsVErdadeiro\spring-tool-suite-4-4.17.2.RELEASE-e4.26.0-win32.win32.x86_64.self-extracting\sts-4.17.2.RELEASE\plugins\org.eclipse.justj.openjdk.hotspot.jre.full.win32.x86_64_17.0.6.v20230125-1136\jre\bin\msvcp140.dll
0x00007ff8a2bd0000 - 0x00007ff8a3817000 	C:\ProgramasDevs\stsVErdadeiro\spring-tool-suite-4-4.17.2.RELEASE-e4.26.0-win32.win32.x86_64.self-extracting\sts-4.17.2.RELEASE\plugins\org.eclipse.justj.openjdk.hotspot.jre.full.win32.x86_64_17.0.6.v20230125-1136\jre\bin\server\jvm.dll
0x00007ff8d2fe0000 - 0x00007ff8d308e000 	C:\WINDOWS\System32\ADVAPI32.dll
0x00007ff8d2510000 - 0x00007ff8d25ac000 	C:\WINDOWS\System32\sechost.dll
0x00007ff8d1d50000 - 0x00007ff8d1e74000 	C:\WINDOWS\System32\RPCRT4.dll
0x00007ff8cb810000 - 0x00007ff8cb819000 	C:\WINDOWS\SYSTEM32\WSOCK32.dll
0x00007ff8d30f0000 - 0x00007ff8d315b000 	C:\WINDOWS\System32\WS2_32.dll
0x00007ff8c48c0000 - 0x00007ff8c48e7000 	C:\WINDOWS\SYSTEM32\WINMM.dll
0x00007ff8c7280000 - 0x00007ff8c728a000 	C:\WINDOWS\SYSTEM32\VERSION.dll
0x00007ff8ce780000 - 0x00007ff8ce792000 	C:\WINDOWS\SYSTEM32\kernel.appcore.dll
0x00007ff8cab80000 - 0x00007ff8cab8a000 	C:\ProgramasDevs\stsVErdadeiro\spring-tool-suite-4-4.17.2.RELEASE-e4.26.0-win32.win32.x86_64.self-extracting\sts-4.17.2.RELEASE\plugins\org.eclipse.justj.openjdk.hotspot.jre.full.win32.x86_64_17.0.6.v20230125-1136\jre\bin\jimage.dll
0x00007ff8c72d0000 - 0x00007ff8c74b4000 	C:\WINDOWS\SYSTEM32\DBGHELP.DLL
0x00007ff8c6bb0000 - 0x00007ff8c6be4000 	C:\WINDOWS\SYSTEM32\dbgcore.DLL
0x00007ff8d0fc0000 - 0x00007ff8d1042000 	C:\WINDOWS\System32\bcryptPrimitives.dll
0x00007ff8c3de0000 - 0x00007ff8c3e05000 	C:\ProgramasDevs\stsVErdadeiro\spring-tool-suite-4-4.17.2.RELEASE-e4.26.0-win32.win32.x86_64.self-extracting\sts-4.17.2.RELEASE\plugins\org.eclipse.justj.openjdk.hotspot.jre.full.win32.x86_64_17.0.6.v20230125-1136\jre\bin\java.dll
0x00007ff8c5fb0000 - 0x00007ff8c5fc8000 	C:\ProgramasDevs\stsVErdadeiro\spring-tool-suite-4-4.17.2.RELEASE-e4.26.0-win32.win32.x86_64.self-extracting\sts-4.17.2.RELEASE\plugins\org.eclipse.justj.openjdk.hotspot.jre.full.win32.x86_64_17.0.6.v20230125-1136\jre\bin\zip.dll
0x00007ff8d1450000 - 0x00007ff8d1b94000 	C:\WINDOWS\System32\SHELL32.dll
0x00007ff8cea60000 - 0x00007ff8cf1f3000 	C:\WINDOWS\SYSTEM32\windows.storage.dll
0x00007ff8d25f0000 - 0x00007ff8d2944000 	C:\WINDOWS\System32\combase.dll
0x00007ff8d0280000 - 0x00007ff8d02ae000 	C:\WINDOWS\SYSTEM32\Wldp.dll
0x00007ff8d1f30000 - 0x00007ff8d1fdd000 	C:\WINDOWS\System32\SHCORE.dll
0x00007ff8d2390000 - 0x00007ff8d23e5000 	C:\WINDOWS\System32\shlwapi.dll
0x00007ff8d0920000 - 0x00007ff8d093f000 	C:\WINDOWS\SYSTEM32\profapi.dll
0x00007ff8c52f0000 - 0x00007ff8c5309000 	C:\ProgramasDevs\stsVErdadeiro\spring-tool-suite-4-4.17.2.RELEASE-e4.26.0-win32.win32.x86_64.self-extracting\sts-4.17.2.RELEASE\plugins\org.eclipse.justj.openjdk.hotspot.jre.full.win32.x86_64_17.0.6.v20230125-1136\jre\bin\net.dll
0x00007ff8c95f0000 - 0x00007ff8c96fa000 	C:\WINDOWS\SYSTEM32\WINHTTP.dll
0x00007ff8d0060000 - 0x00007ff8d00ca000 	C:\WINDOWS\system32\mswsock.dll
0x00007ff8c48a0000 - 0x00007ff8c48b5000 	C:\ProgramasDevs\stsVErdadeiro\spring-tool-suite-4-4.17.2.RELEASE-e4.26.0-win32.win32.x86_64.self-extracting\sts-4.17.2.RELEASE\plugins\org.eclipse.justj.openjdk.hotspot.jre.full.win32.x86_64_17.0.6.v20230125-1136\jre\bin\nio.dll
0x00007ff8c5a70000 - 0x00007ff8c5a79000 	C:\ProgramasDevs\stsVErdadeiro\spring-tool-suite-4-4.17.2.RELEASE-e4.26.0-win32.win32.x86_64.self-extracting\sts-4.17.2.RELEASE\plugins\org.eclipse.justj.openjdk.hotspot.jre.full.win32.x86_64_17.0.6.v20230125-1136\jre\bin\management.dll
0x00007ff8c58a0000 - 0x00007ff8c58ab000 	C:\ProgramasDevs\stsVErdadeiro\spring-tool-suite-4-4.17.2.RELEASE-e4.26.0-win32.win32.x86_64.self-extracting\sts-4.17.2.RELEASE\plugins\org.eclipse.justj.openjdk.hotspot.jre.full.win32.x86_64_17.0.6.v20230125-1136\jre\bin\management_ext.dll
0x00007ff8d25b0000 - 0x00007ff8d25b8000 	C:\WINDOWS\System32\PSAPI.DLL
0x00007ff8c0660000 - 0x00007ff8c0677000 	C:\WINDOWS\system32\napinsp.dll
0x00007ff8b9590000 - 0x00007ff8b95ab000 	C:\WINDOWS\system32\pnrpnsp.dll
0x00007ff8cabe0000 - 0x00007ff8cabf5000 	C:\WINDOWS\system32\wshbth.dll
0x00007ff8ca6f0000 - 0x00007ff8ca70d000 	C:\WINDOWS\system32\NLAapi.dll
0x00007ff8cfd70000 - 0x00007ff8cfdac000 	C:\WINDOWS\SYSTEM32\IPHLPAPI.DLL
0x00007ff8cfdb0000 - 0x00007ff8cfe7b000 	C:\WINDOWS\SYSTEM32\DNSAPI.dll
0x00007ff8d2950000 - 0x00007ff8d2958000 	C:\WINDOWS\System32\NSI.dll
0x00007ff8b5d90000 - 0x00007ff8b5da2000 	C:\WINDOWS\System32\winrnr.dll
0x00007ff8c9430000 - 0x00007ff8c943a000 	C:\Windows\System32\rasadhlp.dll
0x00007ff8c8d70000 - 0x00007ff8c8df0000 	C:\WINDOWS\System32\fwpuclnt.dll
0x00007ff8d09e0000 - 0x00007ff8d0a07000 	C:\WINDOWS\System32\bcrypt.dll
0x00007ff8d05f0000 - 0x00007ff8d0608000 	C:\WINDOWS\SYSTEM32\CRYPTSP.dll
0x00007ff8cf9a0000 - 0x00007ff8cf9d4000 	C:\WINDOWS\system32\rsaenh.dll
0x00007ff8d0870000 - 0x00007ff8d089e000 	C:\WINDOWS\SYSTEM32\USERENV.dll
0x00007ff8d01f0000 - 0x00007ff8d01fc000 	C:\WINDOWS\SYSTEM32\CRYPTBASE.dll
0x00007ff8ca170000 - 0x00007ff8ca187000 	C:\WINDOWS\SYSTEM32\dhcpcsvc6.DLL
0x00007ff8c9f40000 - 0x00007ff8c9f5d000 	C:\WINDOWS\SYSTEM32\dhcpcsvc.DLL

dbghelp: loaded successfully - version: 4.0.5 - missing functions: none
symbol engine: initialized successfully - sym options: 0x614 - pdb path: .;C:\ProgramasDevs\stsVErdadeiro\spring-tool-suite-4-4.17.2.RELEASE-e4.26.0-win32.win32.x86_64.self-extracting\sts-4.17.2.RELEASE\plugins\org.eclipse.justj.openjdk.hotspot.jre.full.win32.x86_64_17.0.6.v20230125-1136\jre\bin;C:\WINDOWS\SYSTEM32;C:\WINDOWS\WinSxS\amd64_microsoft.windows.common-controls_6595b64144ccf1df_6.0.19041.1110_none_60b5254171f9507e;C:\ProgramasDevs\stsVErdadeiro\spring-tool-suite-4-4.17.2.RELEASE-e4.26.0-win32.win32.x86_64.self-extracting\sts-4.17.2.RELEASE\plugins\org.eclipse.justj.openjdk.hotspot.jre.full.win32.x86_64_17.0.6.v20230125-1136\jre\bin\server

VM Arguments:
jvm_args: -Dcom.sun.management.jmxremote -Dcom.sun.management.jmxremote.port=52840 -Dcom.sun.management.jmxremote.authenticate=false -Dcom.sun.management.jmxremote.ssl=false -Djava.rmi.server.hostname=localhost -Dspring.jmx.enabled=true -Dmanagement.endpoints.jmx.exposure.include=* -Dspring.application.admin.enabled=true -XX:TieredStopAtLevel=1 -Dspring.boot.project.name=course -Dfile.encoding=UTF-8 -XX:+ShowCodeDetailsInExceptionMessages 
java_command: com.educandoweb.course.CourseApplication --spring.output.ansi.enabled=always
java_class_path (initial): C:\projetosSpring\course\target\classes;C:\Users\elean\.m2\repository\org\springframework\boot\spring-boot-starter-web\3.0.4\spring-boot-starter-web-3.0.4.jar;C:\Users\elean\.m2\repository\org\springframework\boot\spring-boot-starter\3.0.4\spring-boot-starter-3.0.4.jar;C:\Users\elean\.m2\repository\org\springframework\boot\spring-boot\3.0.4\spring-boot-3.0.4.jar;C:\Users\elean\.m2\repository\org\springframework\boot\spring-boot-autoconfigure\3.0.4\spring-boot-autoconfigure-3.0.4.jar;C:\Users\elean\.m2\repository\org\springframework\boot\spring-boot-starter-logging\3.0.4\spring-boot-starter-logging-3.0.4.jar;C:\Users\elean\.m2\repository\ch\qos\logback\logback-classic\1.4.5\logback-classic-1.4.5.jar;C:\Users\elean\.m2\repository\ch\qos\logback\logback-core\1.4.5\logback-core-1.4.5.jar;C:\Users\elean\.m2\repository\org\apache\logging\log4j\log4j-to-slf4j\2.19.0\log4j-to-slf4j-2.19.0.jar;C:\Users\elean\.m2\repository\org\apache\logging\log4j\log4j-api\2.19.0\log4j-api-2.19.0.jar;C:\Users\elean\.m2\repository\org\slf4j\jul-to-slf4j\2.0.6\jul-to-slf4j-2.0.6.jar;C:\Users\elean\.m2\repository\jakarta\annotation\jakarta.annotation-api\2.1.1\jakarta.annotation-api-2.1.1.jar;C:\Users\elean\.m2\repository\org\yaml\snakeyaml\1.33\snakeyaml-1.33.jar;C:\Users\elean\.m2\repository\org\springframework\boot\spring-boot-starter-json\3.0.4\spring-boot-starter-json-3.0.4.jar;C:\Users\elean\.m2\repository\com\fasterxml\jackson\core\jackson-databind\2.14.2\jackson-databind-2.14.2.jar;C:\Users\elean\.m2\repository\com\fasterxml\jackson\core\jackson-annotations\2.14.2\jackson-annotations-2.14.2.jar;C:\Users\elean\.m2\repository\com\fasterxml\jackson\core\jackson-core\2.14.2\jackson-core-2.14.2.jar;C:\Users\elean\.m2\repository\com\fasterxml\jackson\datatype\jackson-datatype-jdk8\2.14.2\jackson-datatype-jdk8-2.14.2.jar;C:\Users\elean\.m2\repository\com\fasterxml\jackson\datatype\jackson-datatype-jsr310\2.14.2\jackson-datatype-jsr310-2.14.2.jar;C:\Users\elean\.m2
Launcher Type: SUN_STANDARD

[Global flags]
     intx CICompilerCount                          = 3                                         {product} {ergonomic}
     uint ConcGCThreads                            = 1                                         {product} {ergonomic}
     uint G1ConcRefinementThreads                  = 4                                         {product} {ergonomic}
   size_t G1HeapRegionSize                         = 1048576                                   {product} {ergonomic}
    uintx GCDrainStackTargetSize                   = 64                                        {product} {ergonomic}
   size_t InitialHeapSize                          = 125829120                                 {product} {ergonomic}
     bool ManagementServer                         = true                                      {product} {command line}
   size_t MarkStackSize                            = 4194304                                   {product} {ergonomic}
   size_t MaxHeapSize                              = 1983905792                                {product} {ergonomic}
   size_t MaxNewSize                               = 1190133760                                {product} {ergonomic}
   size_t MinHeapDeltaBytes                        = 1048576                                   {product} {ergonomic}
   size_t MinHeapSize                              = 8388608                                   {product} {ergonomic}
    uintx NonProfiledCodeHeapSize                  = 0                                      {pd product} {ergonomic}
     bool ProfileInterpreter                       = false                                  {pd product} {command line}
    uintx ProfiledCodeHeapSize                     = 0                                      {pd product} {ergonomic}
     bool ShowCodeDetailsInExceptionMessages       = true                                   {manageable} {command line}
   size_t SoftMaxHeapSize                          = 1983905792                             {manageable} {ergonomic}
     intx TieredStopAtLevel                        = 1                                         {product} {command line}
     bool UseCompressedClassPointers               = true                           {product lp64_product} {ergonomic}
     bool UseCompressedOops                        = true                           {product lp64_product} {ergonomic}
     bool UseG1GC                                  = true                                      {product} {ergonomic}
     bool UseLargePagesIndividualAllocation        = false                                  {pd product} {ergonomic}

Logging:
Log output configuration:
 #0: stdout all=warning uptime,level,tags
 #1: stderr all=off uptime,level,tags

Environment Variables:
JAVA_HOME=C:\Program Files\Java\jdk-17.0.6
CLASSPATH=.;C:\Program Files\Java\jdk-17.0.6\lib
PATH=C:/ProgramasDevs/stsVErdadeiro/spring-tool-suite-4-4.17.2.RELEASE-e4.26.0-win32.win32.x86_64.self-extracting/sts-4.17.2.RELEASE//plugins/org.eclipse.justj.openjdk.hotspot.jre.full.win32.x86_64_17.0.6.v20230125-1136/jre/bin/server;C:/ProgramasDevs/stsVErdadeiro/spring-tool-suite-4-4.17.2.RELEASE-e4.26.0-win32.win32.x86_64.self-extracting/sts-4.17.2.RELEASE//plugins/org.eclipse.justj.openjdk.hotspot.jre.full.win32.x86_64_17.0.6.v20230125-1136/jre/bin;C:\Program Files\Java\jdk-17.0.6;C:\Program Files\Java\jdk-17.0.6\bin;C:\Program Files (x86)\VMware\VMware Player\bin\;C:\Python310\Scripts\;C:\Python310\;C:\Program Files\Common Files\Oracle\Java\javapath;C:\WINDOWS\system32;C:\WINDOWS;C:\WINDOWS\System32\Wbem;C:\WINDOWS\System32\WindowsPowerShell\v1.0\;C:\WINDOWS\System32\OpenSSH\;C:\Program Files\dotnet\;C:\Users\elean\AppData\Local\Programs\Python\Python310;C:\Users\elean\AppData\Local\Programs\Python\Python310\Scripts;C:\Program Files\nodejs\;C:\ProgramData\chocolatey\bin;C:\Program Files\Git\cmd;C:\ProgramasDevs\apache-maven-3.8.6\bin;C:\apache-maven-3.8.6\bin;;C:\Program Files\Docker\Docker\resources\bin;C:\Users\elean\AppData\Local\Programs\AdoptOpenJDK\bin;C:\Users\elean\AppData\Local\Microsoft\WindowsApps;;C:\Program Files\JetBrains\IntelliJ IDEA Educational Edition 2021.2.3\bin;;C:\Program Files\heroku\bin;C:\Users\elean\AppData\Roaming\npm;C:\ProgramasDevs\IntelliJ IDEA Community Edition 2022.3.3\bin;;C:\Users\elean\AppData\Local\Programs\Microsoft VS Code\bin;C:\ProgramasDevs\stsVErdadeiro\spring-tool-suite-4-4.17.2.RELEASE-e4.26.0-win32.win32.x86_64.self-extracting\sts-4.17.2.RELEASE;
USERNAME=AndersonSama
OS=Windows_NT
PROCESSOR_IDENTIFIER=Intel64 Family 6 Model 58 Stepping 9, GenuineIntel
TMP=C:\Users\elean\AppData\Local\Temp
TEMP=C:\Users\elean\AppData\Local\Temp



---------------  S Y S T E M  ---------------

OS:
 Windows 10 , 64 bit Build 19041 (10.0.19041.2788)
OS uptime: 0 days 19:19 hours
Hyper-V role detected

CPU: total 4 (initial active 4) (2 cores per cpu, 2 threads per core) family 6 model 58 stepping 9 microcode 0x21, cx8, cmov, fxsr, ht, mmx, sse, sse2, sse3, ssse3, sse4.1, sse4.2, popcnt, tsc, tscinvbit, avx, erms, clmul, vzeroupper, clflush, hv

Memory: 4k page, system-wide physical 7566M (538M free)
TotalPageFile size 7566M (AvailPageFile size 4M)
current process WorkingSet (physical memory assigned to process): 85M, peak: 85M
current process commit charge ("private bytes"): 212M, peak: 212M

vm_info: OpenJDK 64-Bit Server VM (17.0.6+10) for windows-amd64 JRE (17.0.6+10), built on Jan 18 2023 10:08:59 by "temurin" with MS VC++ 16.7 (VS2019)

END.
